<?xml version="1.0" encoding="UTF-8"?>
<!-- Generated by org.testng.reporters.JUnitReportReporter -->
<testsuite skipped="0" hostname="DESKTOP-CS238HQ" name="pack1.Testcase3" tests="1" failures="0" timestamp="20 Oct 2020 12:03:43 GMT" time="6.519" errors="0">
  <testcase name="m1" time="6.519" classname="pack1.Testcase3"/>
</testsuite> <!-- pack1.Testcase3 -->
