<?xml version="1.0" encoding="UTF-8"?>
<!-- Generated by org.testng.reporters.JUnitReportReporter -->
<testsuite skipped="0" hostname="DESKTOP-CS238HQ" name="pack1.Testcase1" tests="3" failures="0" timestamp="20 Oct 2020 12:03:43 GMT" time="22.167" errors="0">
  <testcase name="senario2" time="7.173" classname="pack1.Testcase1"/>
  <testcase name="senario3" time="7.276" classname="pack1.Testcase1"/>
  <testcase name="senario1" time="7.718" classname="pack1.Testcase1"/>
</testsuite> <!-- pack1.Testcase1 -->
