<?xml version="1.0" encoding="UTF-8"?>
<!-- Generated by org.testng.reporters.JUnitReportReporter -->
<testsuite skipped="0" hostname="DESKTOP-CS238HQ" name="pack1.AppTest" tests="1" failures="0" timestamp="20 Oct 2020 12:03:43 GMT" time="0.005" errors="0">
  <testcase name="shouldAnswerWithTrue" time="0.005" classname="pack1.AppTest"/>
</testsuite> <!-- pack1.AppTest -->
