<?xml version="1.0" encoding="UTF-8"?>
<!-- Generated by org.testng.reporters.JUnitReportReporter -->
<testsuite skipped="0" hostname="DESKTOP-CS238HQ" name="pack1.Testcase3" tests="1" failures="0" timestamp="22 Dec 2020 10:49:42 GMT" time="6.882" errors="0">
  <testcase name="m1" time="6.882" classname="pack1.Testcase3"/>
</testsuite> <!-- pack1.Testcase3 -->
