<?xml version="1.0" encoding="UTF-8"?>
<!-- Generated by org.testng.reporters.JUnitReportReporter -->
<testsuite skipped="0" hostname="DESKTOP-CS238HQ" name="pack1.Testcase1" tests="3" failures="0" timestamp="22 Dec 2020 10:48:49 GMT" time="22.011" errors="0">
  <testcase name="senario2" time="7.075" classname="pack1.Testcase1"/>
  <testcase name="senario1" time="7.287" classname="pack1.Testcase1"/>
  <testcase name="senario3" time="7.649" classname="pack1.Testcase1"/>
</testsuite> <!-- pack1.Testcase1 -->
