<?xml version="1.0" encoding="UTF-8"?>
<!-- Generated by org.testng.reporters.JUnitReportReporter -->
<testsuite skipped="0" hostname="DESKTOP-CS238HQ" name="pack1.Testcase2" tests="1" failures="0" timestamp="22 Dec 2020 10:49:23 GMT" time="8.373" errors="0">
  <testcase name="m1" time="8.373" classname="pack1.Testcase2"/>
</testsuite> <!-- pack1.Testcase2 -->
