<?xml version="1.0" encoding="UTF-8"?>
<!-- Generated by org.testng.reporters.JUnitReportReporter -->
<testsuite skipped="0" hostname="DESKTOP-CS238HQ" name="pack1.Testcase2" tests="1" failures="0" timestamp="20 Oct 2020 13:28:52 GMT" time="7.170" errors="0">
  <testcase name="m1" time="7.170" classname="pack1.Testcase2"/>
</testsuite> <!-- pack1.Testcase2 -->
