<?xml version="1.0" encoding="UTF-8"?>
<!-- Generated by org.testng.reporters.JUnitReportReporter -->
<testsuite skipped="0" hostname="DESKTOP-CS238HQ" name="pack1.Testcase1" tests="3" failures="0" timestamp="20 Oct 2020 13:28:52 GMT" time="20.878" errors="0">
  <testcase name="senario1" time="7.174" classname="pack1.Testcase1"/>
  <testcase name="senario2" time="6.560" classname="pack1.Testcase1"/>
  <testcase name="senario3" time="7.144" classname="pack1.Testcase1"/>
</testsuite> <!-- pack1.Testcase1 -->
